<?xml version="1.0" encoding="UTF-8"?>
<testsuite xmlns:xsi="http://www.w3.org/2001/XMLSchema-instance" xsi:noNamespaceSchemaLocation="https://maven.apache.org/surefire/maven-surefire-plugin/xsd/surefire-test-report.xsd" name="by.it.shcharbunou.calculator.services.calculator_service.CalculatorServiceImplTest" time="0.141" tests="9" errors="0" skipped="0" failures="0">
  <properties>
[...]
</properties>
  <testcase name="testAdd{double, double, double}[1]" classname="by.it.shcharbunou.calculator.services.calculator_service.CalculatorServiceImplTest" time="0.062"/>
  <testcase name="testAdd{double, double, double}[2]" classname="by.it.shcharbunou.calculator.services.calculator_service.CalculatorServiceImplTest" time="0"/>
  <testcase name="testAdd{double, double, double}[3]" classname="by.it.shcharbunou.calculator.services.calculator_service.CalculatorServiceImplTest" time="0"/>
  <testcase name="testSubtract" classname="by.it.shcharbunou.calculator.services.calculator_service.CalculatorServiceImplTest" time="0.016"/>
  <testcase name="testDivisionByZeroException" classname="by.it.shcharbunou.calculator.services.calculator_service.CalculatorServiceImplTest" time="0"/>
  <testcase name="testDivide{double, double, double}[1]" classname="by.it.shcharbunou.calculator.services.calculator_service.CalculatorServiceImplTest" time="0"/>
  <testcase name="testDivide{double, double, double}[2]" classname="by.it.shcharbunou.calculator.services.calculator_service.CalculatorServiceImplTest" time="0"/>
  <testcase name="testDivide{double, double, double}[3]" classname="by.it.shcharbunou.calculator.services.calculator_service.CalculatorServiceImplTest" time="0"/>
  <testcase name="testMultiply" classname="by.it.shcharbunou.calculator.services.calculator_service.CalculatorServiceImplTest" time="0"/>
</testsuite>