GROUP,PACKAGE,CLASS,INSTRUCTION_MISSED,INSTRUCTION_COVERED,BRANCH_MISSED,BRANCH_COVERED,LINE_MISSED,LINE_COVERED,COMPLEXITY_MISSED,COMPLEXITY_COVERED,METHOD_MISSED,METHOD_COVERED
homework_jd2_2_2,by.it.shcharbunou.calculator.application,Runner,10,0,0,0,4,0,2,0,2,0
homework_jd2_2_2,by.it.shcharbunou.calculator.application,CalculatorApplication,129,0,9,0,33,0,10,0,4,0
homework_jd2_2_2,by.it.shcharbunou.calculator.utils,Operators,26,0,0,0,6,0,3,0,3,0
homework_jd2_2_2,by.it.shcharbunou.calculator.utils,ApplicationReservedWords,37,0,0,0,7,0,3,0,3,0
homework_jd2_2_2,by.it.shcharbunou.calculator.utils,Messages,103,0,0,0,13,0,3,0,3,0
homework_jd2_2_2,by.it.shcharbunou.calculator.services.calculator_service,CalculatorServiceImpl,0,28,0,2,0,7,0,6,0,5
homework_jd2_2_2,by.it.shcharbunou.calculator.exceptions,DivisionByZeroException,5,4,0,0,2,2,1,1,1,1
homework_jd2_2_2,by.it.shcharbunou.calculator.services.client_service,ClientService,73,0,12,0,27,0,11,0,5,0
